[26-Apr-2021 16:18:42] NOTICE: fpm is running, pid 10698
[26-Apr-2021 16:18:42] NOTICE: ready to handle connections
[02-May-2021 20:14:03] NOTICE: fpm is running, pid 2135
[02-May-2021 20:14:03] NOTICE: ready to handle connections
[03-May-2021 10:15:34] NOTICE: Terminating ...
[03-May-2021 10:15:34] NOTICE: Terminating ...
[03-May-2021 10:15:34] NOTICE: exiting, bye-bye!
[03-May-2021 10:18:04] NOTICE: fpm is running, pid 723
[03-May-2021 10:18:04] NOTICE: ready to handle connections
[07-May-2021 12:32:29] NOTICE: Terminating ...
[07-May-2021 12:32:29] NOTICE: Terminating ...
[07-May-2021 12:32:29] NOTICE: exiting, bye-bye!
[07-May-2021 12:35:01] NOTICE: fpm is running, pid 694
[07-May-2021 12:35:01] NOTICE: ready to handle connections
[08-May-2021 12:10:29] NOTICE: Terminating ...
[08-May-2021 12:10:29] NOTICE: Terminating ...
[08-May-2021 12:10:29] NOTICE: exiting, bye-bye!
[08-May-2021 13:54:59] NOTICE: fpm is running, pid 2246
[08-May-2021 13:54:59] NOTICE: ready to handle connections
[21-May-2021 23:40:40] NOTICE: Terminating ...
[21-May-2021 23:40:40] NOTICE: Terminating ...
[21-May-2021 23:40:40] NOTICE: exiting, bye-bye!
[29-May-2021 11:16:55] NOTICE: fpm is running, pid 27133
[29-May-2021 11:16:55] NOTICE: ready to handle connections
[15-Jul-2021 12:54:52] NOTICE: fpm is running, pid 7734
[15-Jul-2021 12:54:52] NOTICE: ready to handle connections
[19-Jul-2021 12:26:27] NOTICE: Terminating ...
[19-Jul-2021 12:26:27] NOTICE: Terminating ...
[19-Jul-2021 12:26:27] NOTICE: exiting, bye-bye!
[24-Jul-2021 17:38:02] NOTICE: fpm is running, pid 3137
[24-Jul-2021 17:38:02] NOTICE: ready to handle connections
[29-Jul-2021 12:59:14] NOTICE: Terminating ...
[29-Jul-2021 12:59:14] NOTICE: Terminating ...
[29-Jul-2021 12:59:14] NOTICE: exiting, bye-bye!
[02-Aug-2021 12:58:28] NOTICE: fpm is running, pid 3876
[02-Aug-2021 12:58:28] NOTICE: ready to handle connections
[06-Aug-2021 15:10:36] NOTICE: Terminating ...
[06-Aug-2021 15:10:36] NOTICE: Terminating ...
[06-Aug-2021 15:10:36] NOTICE: exiting, bye-bye!
[26-Aug-2021 15:23:01] NOTICE: fpm is running, pid 97383
[26-Aug-2021 15:23:01] NOTICE: ready to handle connections
[07-Sep-2021 12:35:36] NOTICE: Terminating ...
[07-Sep-2021 12:35:36] NOTICE: Terminating ...
[07-Sep-2021 12:35:36] NOTICE: exiting, bye-bye!
