AH00558: httpd: Could not reliably determine the server's fully qualified domain name, using hayasakaatsushinoMacBook-Air.local. Set the 'ServerName' directive globally to suppress this message
[Mon Apr 26 16:18:42.910918 2021] [mpm_event:notice] [pid 10700:tid 4695555584] AH00489: Apache/2.4.43 (Unix) configured -- resuming normal operations
[Mon Apr 26 16:18:42.912953 2021] [core:notice] [pid 10700:tid 4695555584] AH00094: Command line: '/Users/hayasakaatsushi/Library/Application Support/Local/lightning-services/apache-2.4.43+6/bin/darwin/bin/httpd -D FOREGROUND -f /Users/hayasakaatsushi/Library/Application Support/Local/run/dA4aR13fj/conf/apache/apache2.conf'
AH00558: httpd: Could not reliably determine the server's fully qualified domain name, using hayasakaatsushinoMacBook-Air.local. Set the 'ServerName' directive globally to suppress this message
[Sun May 02 20:14:04.672780 2021] [core:warn] [pid 2137:tid 4641988096] AH00098: pid file /Users/hayasakaatsushi/Library/Application Support/Local/run/dA4aR13fj/apache/logs/httpd.pid overwritten -- Unclean shutdown of previous Apache run?
[Sun May 02 20:14:04.688599 2021] [mpm_event:notice] [pid 2137:tid 4641988096] AH00489: Apache/2.4.43 (Unix) configured -- resuming normal operations
[Sun May 02 20:14:04.688862 2021] [core:notice] [pid 2137:tid 4641988096] AH00094: Command line: '/Users/hayasakaatsushi/Library/Application Support/Local/lightning-services/apache-2.4.43+6/bin/darwin/bin/httpd -D FOREGROUND -f /Users/hayasakaatsushi/Library/Application Support/Local/run/dA4aR13fj/conf/apache/apache2.conf'
[Mon May 03 10:15:34.405965 2021] [mpm_event:notice] [pid 2137:tid 4641988096] AH00491: caught SIGTERM, shutting down
AH00558: httpd: Could not reliably determine the server's fully qualified domain name, using hayasakaatsushinoMacBook-Air.local. Set the 'ServerName' directive globally to suppress this message
[Mon May 03 10:18:04.260376 2021] [mpm_event:notice] [pid 725:tid 4557278720] AH00489: Apache/2.4.43 (Unix) configured -- resuming normal operations
[Mon May 03 10:18:04.262195 2021] [core:notice] [pid 725:tid 4557278720] AH00094: Command line: '/Users/hayasakaatsushi/Library/Application Support/Local/lightning-services/apache-2.4.43+6/bin/darwin/bin/httpd -D FOREGROUND -f /Users/hayasakaatsushi/Library/Application Support/Local/run/dA4aR13fj/conf/apache/apache2.conf'
[Fri May 07 12:32:29.983818 2021] [mpm_event:notice] [pid 725:tid 4557278720] AH00491: caught SIGTERM, shutting down
AH00558: httpd: Could not reliably determine the server's fully qualified domain name, using hayasakaatsushinoMacBook-Air.local. Set the 'ServerName' directive globally to suppress this message
[Fri May 07 12:35:01.230823 2021] [mpm_event:notice] [pid 696:tid 4473052672] AH00489: Apache/2.4.43 (Unix) configured -- resuming normal operations
[Fri May 07 12:35:01.233041 2021] [core:notice] [pid 696:tid 4473052672] AH00094: Command line: '/Users/hayasakaatsushi/Library/Application Support/Local/lightning-services/apache-2.4.43+6/bin/darwin/bin/httpd -D FOREGROUND -f /Users/hayasakaatsushi/Library/Application Support/Local/run/dA4aR13fj/conf/apache/apache2.conf'
[Sat May 08 12:10:29.622141 2021] [mpm_event:notice] [pid 696:tid 4473052672] AH00491: caught SIGTERM, shutting down
AH00558: httpd: Could not reliably determine the server's fully qualified domain name, using hayasakaatsushinoMacBook-Air.local. Set the 'ServerName' directive globally to suppress this message
[Sat May 08 13:55:00.123319 2021] [mpm_event:notice] [pid 2248:tid 4681014784] AH00489: Apache/2.4.43 (Unix) configured -- resuming normal operations
[Sat May 08 13:55:00.124585 2021] [core:notice] [pid 2248:tid 4681014784] AH00094: Command line: '/Users/hayasakaatsushi/Library/Application Support/Local/lightning-services/apache-2.4.43+6/bin/darwin/bin/httpd -D FOREGROUND -f /Users/hayasakaatsushi/Library/Application Support/Local/run/dA4aR13fj/conf/apache/apache2.conf'
[Fri May 21 23:40:40.665721 2021] [mpm_event:notice] [pid 2248:tid 4681014784] AH00491: caught SIGTERM, shutting down
AH00558: httpd: Could not reliably determine the server's fully qualified domain name, using hayasakaatsushinoMacBook-Air.local. Set the 'ServerName' directive globally to suppress this message
[Sat May 29 11:16:56.326687 2021] [mpm_event:notice] [pid 27135:tid 4635418112] AH00489: Apache/2.4.43 (Unix) configured -- resuming normal operations
[Sat May 29 11:16:56.328040 2021] [core:notice] [pid 27135:tid 4635418112] AH00094: Command line: '/Users/hayasakaatsushi/Library/Application Support/Local/lightning-services/apache-2.4.43+6/bin/darwin/bin/httpd -D FOREGROUND -f /Users/hayasakaatsushi/Library/Application Support/Local/run/dA4aR13fj/conf/apache/apache2.conf'
AH00558: httpd: Could not reliably determine the server's fully qualified domain name, using hayasakaatsushinoMacBook-Air.local. Set the 'ServerName' directive globally to suppress this message
[Thu Jul 15 12:54:53.107595 2021] [core:warn] [pid 7736:tid 4497223168] AH00098: pid file /Users/hayasakaatsushi/Library/Application Support/Local/run/dA4aR13fj/apache/logs/httpd.pid overwritten -- Unclean shutdown of previous Apache run?
[Thu Jul 15 12:54:53.114339 2021] [mpm_event:notice] [pid 7736:tid 4497223168] AH00489: Apache/2.4.43 (Unix) configured -- resuming normal operations
[Thu Jul 15 12:54:53.114454 2021] [core:notice] [pid 7736:tid 4497223168] AH00094: Command line: '/Users/hayasakaatsushi/Library/Application Support/Local/lightning-services/apache-2.4.43+6/bin/darwin/bin/httpd -D FOREGROUND -f /Users/hayasakaatsushi/Library/Application Support/Local/run/dA4aR13fj/conf/apache/apache2.conf'
[Mon Jul 19 12:26:27.741407 2021] [mpm_event:notice] [pid 7736:tid 4497223168] AH00491: caught SIGTERM, shutting down
AH00558: httpd: Could not reliably determine the server's fully qualified domain name, using 192.168.43.42. Set the 'ServerName' directive globally to suppress this message
[Sat Jul 24 17:38:03.620243 2021] [mpm_event:notice] [pid 3139:tid 4370914816] AH00489: Apache/2.4.43 (Unix) configured -- resuming normal operations
[Sat Jul 24 17:38:03.620896 2021] [core:notice] [pid 3139:tid 4370914816] AH00094: Command line: '/Users/hayasakaatsushi/Library/Application Support/Local/lightning-services/apache-2.4.43+6/bin/darwin/bin/httpd -D FOREGROUND -f /Users/hayasakaatsushi/Library/Application Support/Local/run/dA4aR13fj/conf/apache/apache2.conf'
[Thu Jul 29 12:59:14.852030 2021] [mpm_event:notice] [pid 3139:tid 4370914816] AH00491: caught SIGTERM, shutting down
AH00558: httpd: Could not reliably determine the server's fully qualified domain name, using hayasakaatsushinoMacBook-Air.local. Set the 'ServerName' directive globally to suppress this message
[Mon Aug 02 12:58:28.654812 2021] [mpm_event:notice] [pid 3878:tid 4502425088] AH00489: Apache/2.4.43 (Unix) configured -- resuming normal operations
[Mon Aug 02 12:58:28.655944 2021] [core:notice] [pid 3878:tid 4502425088] AH00094: Command line: '/Users/hayasakaatsushi/Library/Application Support/Local/lightning-services/apache-2.4.43+6/bin/darwin/bin/httpd -D FOREGROUND -f /Users/hayasakaatsushi/Library/Application Support/Local/run/dA4aR13fj/conf/apache/apache2.conf'
[Fri Aug 06 15:10:37.011776 2021] [mpm_event:notice] [pid 3878:tid 4502425088] AH00491: caught SIGTERM, shutting down
AH00558: httpd: Could not reliably determine the server's fully qualified domain name, using 192.168.43.42. Set the 'ServerName' directive globally to suppress this message
[Thu Aug 26 15:23:02.619760 2021] [mpm_event:notice] [pid 97385:tid 4509376000] AH00489: Apache/2.4.43 (Unix) configured -- resuming normal operations
[Thu Aug 26 15:23:02.621455 2021] [core:notice] [pid 97385:tid 4509376000] AH00094: Command line: '/Users/hayasakaatsushi/Library/Application Support/Local/lightning-services/apache-2.4.43+6/bin/darwin/bin/httpd -D FOREGROUND -f /Users/hayasakaatsushi/Library/Application Support/Local/run/dA4aR13fj/conf/apache/apache2.conf'
[Tue Sep 07 12:35:36.628404 2021] [mpm_event:notice] [pid 97385:tid 4509376000] AH00491: caught SIGTERM, shutting down
